4bcc start_logger              160 ---- 2023/06/10 13:26:47.552 -------------------------------------------------
4bcc start_logger              166 Host process is 'cmd.exe' (pid 19404)
4bcc start_logger              170 DLL path is 'C:\Users\berni\Desktop\Programació\Cmder\vendor\clink'
4bcc start_logger              185 Windows version 10.0.19044 (x64)
4bcc start_logger              188 Clink version 1.4.4.7fe1ca (x64)
4bcc hook_setter::hook_setter  159 >>> Started hook transaction.
4bcc hook_setter::attach_iat   316 Attempting to hook SetEnvironmentVariableW in IAT for module 00007FF6D54F0000.
4bcc pe_info::iterate_imports  159 Found import in 'api-ms-win-core-processenvironment-l1-1-0.dll'
4bcc find_iat                  124 Found import at 00007FF6D5523860 (value is 00007FFC678D2FC0).
4bcc hook_setter::attach_iat   316 Attempting to hook WriteConsoleW in IAT for module 00007FF6D54F0000.
4bcc pe_info::iterate_imports  159 Found import in 'api-ms-win-core-console-l1-1-0.dll'
4bcc find_iat                  124 Found import at 00007FF6D55234F8 (value is 00007FFC678776D0).
4bcc hook_setter::attach_iat   316 Attempting to hook GetEnvironmentVariableW in IAT for module 00007FF6D54F0000.
4bcc pe_info::iterate_imports  159 Found import in 'api-ms-win-core-processenvironment-l1-1-0.dll'
4bcc find_iat                  124 Found import at 00007FF6D5523880 (value is 00007FFC67895430).
4bcc hook_setter::commit       207 <<< Hook transaction committed.
4bcc hook_setter::hook_setter  159 >>> Started hook transaction.
4bcc hook_setter::detach_iat   359 Attempting to unhook 00007FFC1EF29710 from GetEnvironmentVariableW in IAT for module 00007FF6D54F0000.
4bcc pe_info::iterate_imports  159 Found import in 'api-ms-win-core-processenvironment-l1-1-0.dll'
4bcc find_iat                  124 Found import at 00007FF6D5523880 (value is 00007FFC1EF29710).
4bcc hook_setter::commit       207 <<< Hook transaction committed.
4bcc hook_setter::hook_setter  159 >>> Started hook transaction.
4bcc hook_setter::attach_iat   316 Attempting to hook ReadConsoleW in IAT for module 00007FF6D54F0000.
4bcc pe_info::iterate_imports  159 Found import in 'api-ms-win-core-console-l1-1-0.dll'
4bcc find_iat                  124 Found import at 00007FF6D55234E0 (value is 00007FFC679809E0).
4bcc hook_setter::commit       207 <<< Hook transaction committed.
4bcc hook_setter::hook_setter  159 >>> Started hook transaction.
4bcc hook_setter::attach_iat   316 Attempting to hook SetConsoleTitleW in IAT for module 00007FF6D54F0000.
4bcc pe_info::iterate_imports  159 Found import in 'api-ms-win-core-console-l2-2-0.dll'
4bcc find_iat                  124 Found import at 00007FF6D5523558 (value is 00007FFC678E69E0).
4bcc hook_setter::commit       207 <<< Hook transaction committed.
4bcc win_screen_buffer::begin  228 Using native terminal support; found 'ConEmuHk64.dll'.
4bcc host_lua::load_scripts    158 Loaded 2 Lua scripts in 140 ms
4bcc =?                          0 Clink updater: too soon to check for updates (1686061727 vs 1686396408).
4bcc history_db::initialise   1264 master bank ctag: |CTAG_1686061725_969159265_45740_0
4bcc history_db::compact      1526 History:  8 active, 24 deleted
4bcc history_db::compact      1526 History:  8 active, 25 deleted
4bcc history_db::compact      1526 History:  8 active, 26 deleted
